2025-12-09 01:38:46 Loading main app package /usr/lib/obsidian/obsidian.asar
2025-12-09 01:38:46 Checking for update using Github
2025-12-09 01:38:46 Success.
2025-12-09 01:38:46 Latest version is 1.10.6
2025-12-09 01:38:46 App is up to date.
2025-12-09 02:38:46 Checking for update using Github
2025-12-09 02:38:46 Success.
2025-12-09 02:38:46 Latest version is 1.10.6
2025-12-09 02:38:46 App is up to date.
2025-12-09 03:38:46 Checking for update using Github
2025-12-09 03:38:46 Success.
2025-12-09 03:38:46 Latest version is 1.10.6
2025-12-09 03:38:46 App is up to date.
2025-12-09 04:38:46 Checking for update using Github
2025-12-09 04:38:46 Success.
2025-12-09 04:38:46 Latest version is 1.10.6
2025-12-09 04:38:46 App is up to date.
2025-12-09 05:38:46 Checking for update using Github
2025-12-09 05:38:46 Success.
2025-12-09 05:38:46 Latest version is 1.10.6
2025-12-09 05:38:46 App is up to date.
2025-12-09 06:38:46 Checking for update using Github
2025-12-09 06:38:46 Success.
2025-12-09 06:38:46 Latest version is 1.10.6
2025-12-09 06:38:46 App is up to date.
2025-12-09 07:38:46 Checking for update using Github
2025-12-09 07:38:46 Success.
2025-12-09 07:38:46 Latest version is 1.10.6
2025-12-09 07:38:46 App is up to date.
2025-12-09 08:38:46 Checking for update using Github
2025-12-09 08:38:46 Success.
2025-12-09 08:38:46 Latest version is 1.10.6
2025-12-09 08:38:46 App is up to date.
2025-12-09 09:38:46 Checking for update using Github
2025-12-09 09:38:46 Success.
2025-12-09 09:38:46 Latest version is 1.10.6
2025-12-09 09:38:46 App is up to date.
2025-12-09 10:38:46 Checking for update using Github
2025-12-09 10:38:46 Success.
2025-12-09 10:38:46 Latest version is 1.10.6
2025-12-09 10:38:46 App is up to date.
2025-12-09 11:38:46 Checking for update using Github
2025-12-09 11:38:46 Success.
2025-12-09 11:38:46 Latest version is 1.10.6
2025-12-09 11:38:46 App is up to date.
2025-12-09 12:38:46 Checking for update using Github
2025-12-09 12:38:46 Success.
2025-12-09 12:38:46 Latest version is 1.10.6
2025-12-09 12:38:46 App is up to date.
2025-12-09 13:38:46 Checking for update using Github
2025-12-09 13:38:46 Success.
2025-12-09 13:38:46 Latest version is 1.10.6
2025-12-09 13:38:46 App is up to date.
2025-12-09 14:38:46 Checking for update using Github
2025-12-09 14:38:46 Success.
2025-12-09 14:38:46 Latest version is 1.10.6
2025-12-09 14:38:46 App is up to date.
2025-12-09 15:38:46 Checking for update using Github
2025-12-09 15:38:46 Success.
2025-12-09 15:38:46 Latest version is 1.10.6
2025-12-09 15:38:46 App is up to date.
2025-12-09 16:38:46 Checking for update using Github
2025-12-09 16:38:46 Success.
2025-12-09 16:38:46 Latest version is 1.10.6
2025-12-09 16:38:46 App is up to date.
2025-12-09 17:38:46 Checking for update using Github
2025-12-09 17:38:46 Success.
2025-12-09 17:38:46 Latest version is 1.10.6
2025-12-09 17:38:46 App is up to date.
2025-12-09 18:38:46 Checking for update using Github
2025-12-09 18:38:46 Success.
2025-12-09 18:38:46 Latest version is 1.10.6
2025-12-09 18:38:46 App is up to date.
2025-12-09 19:38:46 Checking for update using Github
2025-12-09 19:38:46 Success.
2025-12-09 19:38:46 Latest version is 1.10.6
2025-12-09 19:38:46 App is up to date.
2025-12-23 05:59:16 Loading main app package /usr/lib/obsidian/obsidian.asar
2025-12-23 05:59:16 Checking for update using Github
2025-12-23 05:59:16 Success.
2025-12-23 05:59:16 Latest version is 1.10.6
2025-12-23 05:59:16 App is up to date.
